Application/manifest-merger-debug-report.txt
-- Merging decision tree log ---
manifest
ADDED from AndroidManifest.xml:17:1
	package
		ADDED from AndroidManifest.xml:18:5
	android:versionName
		INJECTED from AndroidManifest.xml:0:0
		INJECTED from AndroidManifest.xml:0:0
	xmlns:android
		ADDED from AndroidManifest.xml:17:11
	android:versionCode
		INJECTED from AndroidManifest.xml:0:0
		INJECTED from AndroidManifest.xml:0:0
uses-sdk
ADDED from AndroidManifest.xml:20:5
MERGED from com.android.support:appcompat-v7:20.0.0:16:5
MERGED from com.android.support:support-v4:21.0.3:15:5
MERGED from com.google.android.gms:play-services-wearable:6.5.87:18:5
MERGED from com.google.android.gms:play-services-base:6.5.87:18:5
MERGED from com.android.support:support-v4:21.0.3:15:5
MERGED from com.android.support:support-v13:21.0.3:15:5
MERGED from com.android.support:support-v4:21.0.3:15:5
MERGED from TakePonto:Library:unspecified:7:5
MERGED from com.android.support:appcompat-v7:20.0.0:16:5
MERGED from com.android.support:support-v4:21.0.3:15:5
	android:targetSdkVersion
		ADDED from AndroidManifest.xml:21:9
		INJECTED from AndroidManifest.xml:0:0
		INJECTED from AndroidManifest.xml:0:0
	android:minSdkVersion
		ADDED from AndroidManifest.xml:20:15
		INJECTED from AndroidManifest.xml:0:0
		INJECTED from AndroidManifest.xml:0:0
application
ADDED from AndroidManifest.xml:23:5
MERGED from com.android.support:appcompat-v7:20.0.0:17:5
MERGED from com.android.support:support-v4:21.0.3:16:5
MERGED from com.google.android.gms:play-services-wearable:6.5.87:19:5
MERGED from com.google.android.gms:play-services-base:6.5.87:20:5
MERGED from com.android.support:support-v4:21.0.3:16:5
MERGED from com.android.support:support-v13:21.0.3:16:5
MERGED from com.android.support:support-v4:21.0.3:16:5
MERGED from TakePonto:Library:unspecified:11:5
MERGED from com.android.support:appcompat-v7:20.0.0:17:5
MERGED from com.android.support:support-v4:21.0.3:16:5
	android:label
		ADDED from AndroidManifest.xml:26:9
	android:allowBackup
		ADDED from AndroidManifest.xml:24:9
	android:icon
		ADDED from AndroidManifest.xml:25:9
	android:theme
		ADDED from AndroidManifest.xml:27:9
meta-data#com.google.android.gms.version
ADDED from AndroidManifest.xml:28:9
MERGED from com.google.android.gms:play-services-base:6.5.87:21:9
	android:value
		ADDED from AndroidManifest.xml:30:13
	android:name
		ADDED from AndroidManifest.xml:29:13
activity#com.example.android.wearable.takeponto.CalendarActivity
ADDED from AndroidManifest.xml:32:9
	android:label
		ADDED from AndroidManifest.xml:34:13
	android:name
		ADDED from AndroidManifest.xml:33:13
activity#com.example.android.wearable.takeponto.MainActivity
ADDED from AndroidManifest.xml:37:9
	android:label
		ADDED from AndroidManifest.xml:39:13
	android:launchMode
		ADDED from AndroidManifest.xml:40:13
	android:name
		ADDED from AndroidManifest.xml:38:13
intent-filter#android.intent.action.MAIN+android.intent.category.LAUNCHER
ADDED from AndroidManifest.xml:41:13
action#android.intent.action.MAIN
ADDED from AndroidManifest.xml:42:17
	android:name
		ADDED from AndroidManifest.xml:42:25
category#android.intent.category.LAUNCHER
ADDED from AndroidManifest.xml:43:17
	android:name
		ADDED from AndroidManifest.xml:43:27